This is pdfTeX, Version 3.1415926-2.4-1.40.13 (MiKTeX 2.9) (preloaded format=pdflatex 2013.5.31)  31 MAY 2013 15:11
entering extended mode
**Deckblatt.tex

("E:\Studium\DH\Unterlagen\4. Semester\Rechnerarchitekturen II\Dokumentation\Do
kumentation\Deckblatt.tex"
LaTeX2e <2011/06/27>
Babel <v3.8m> and hyphenation patterns for english, afrikaans, ancientgreek, ar
abic, armenian, assamese, basque, bengali, bokmal, bulgarian, catalan, coptic, 
croatian, czech, danish, dutch, esperanto, estonian, farsi, finnish, french, ga
lician, german, german-x-2012-05-30, greek, gujarati, hindi, hungarian, iceland
ic, indonesian, interlingua, irish, italian, kannada, kurmanji, latin, latvian,
 lithuanian, malayalam, marathi, mongolian, mongolianlmc, monogreek, ngerman, n
german-x-2012-05-30, nynorsk, oriya, panjabi, pinyin, polish, portuguese, roman
ian, russian, sanskrit, serbian, slovak, slovenian, spanish, swedish, swissgerm
an, tamil, telugu, turkish, turkmen, ukenglish, ukrainian, uppersorbian, usengl
ishmax, welsh, loaded.
("C:\Program Files (x86)\MiKTeX 2.9\tex\latex\base\report.cls"
Document Class: report 2007/10/19 v1.4h Standard LaTeX document class
("C:\Program Files (x86)\MiKTeX 2.9\tex\latex\base\size11.clo"
File: size11.clo 2007/10/19 v1.4h Standard LaTeX file (size option)
)
\c@part=\count79
\c@chapter=\count80
\c@section=\count81
\c@subsection=\count82
\c@subsubsection=\count83
\c@paragraph=\count84
\c@subparagraph=\count85
\c@figure=\count86
\c@table=\count87
\abovecaptionskip=\skip41
\belowcaptionskip=\skip42
\bibindent=\dimen102
)
("C:\Program Files (x86)\MiKTeX 2.9\tex\generic\babel\babel.sty"
Package: babel 2008/07/08 v3.8m The Babel package

*************************************
* Local config file bblopts.cfg used
*
("C:\Program Files (x86)\MiKTeX 2.9\tex\latex\00miktex\bblopts.cfg"
File: bblopts.cfg 2006/07/31 v1.0 MiKTeX 'babel' configuration
)
("C:\Program Files (x86)\MiKTeX 2.9\tex\generic\babel\ngermanb.ldf"
Language: ngermanb 2008/07/06 v2.6n new German support from the babel system

("C:\Program Files (x86)\MiKTeX 2.9\tex\generic\babel\babel.def"
File: babel.def 2008/07/08 v3.8m Babel common definitions
\babel@savecnt=\count88
\U@D=\dimen103
)
\l@naustrian = a dialect from \language\l@ngerman 
Package babel Info: Making " an active character on input line 92.
))
("C:\Program Files (x86)\MiKTeX 2.9\tex\latex\graphics\graphicx.sty"
Package: graphicx 1999/02/16 v1.0f Enhanced LaTeX Graphics (DPC,SPQR)

("C:\Program Files (x86)\MiKTeX 2.9\tex\latex\graphics\keyval.sty"
Package: keyval 1999/03/16 v1.13 key=value parser (DPC)
\KV@toks@=\toks14
)
("C:\Program Files (x86)\MiKTeX 2.9\tex\latex\graphics\graphics.sty"
Package: graphics 2009/02/05 v1.0o Standard LaTeX Graphics (DPC,SPQR)

("C:\Program Files (x86)\MiKTeX 2.9\tex\latex\graphics\trig.sty"
Package: trig 1999/03/16 v1.09 sin cos tan (DPC)
)
("C:\Program Files (x86)\MiKTeX 2.9\tex\latex\00miktex\graphics.cfg"
File: graphics.cfg 2007/01/18 v1.5 graphics configuration of teTeX/TeXLive
)
Package graphics Info: Driver file: pdftex.def on input line 91.

("C:\Program Files (x86)\MiKTeX 2.9\tex\latex\pdftex-def\pdftex.def"
File: pdftex.def 2011/05/27 v0.06d Graphics/color for pdfTeX

("C:\Program Files (x86)\MiKTeX 2.9\tex\generic\oberdiek\infwarerr.sty"
Package: infwarerr 2010/04/08 v1.3 Providing info/warning/error messages (HO)
)
("C:\Program Files (x86)\MiKTeX 2.9\tex\generic\oberdiek\ltxcmds.sty"
Package: ltxcmds 2011/11/09 v1.22 LaTeX kernel commands for general use (HO)
)
\Gread@gobject=\count89
))
\Gin@req@height=\dimen104
\Gin@req@width=\dimen105
)
(C:\Users\JulianK\AppData\Roaming\MiKTeX\2.9\tex\latex\cite\cite.sty
LaTeX Info: Redefining \cite on input line 302.
LaTeX Info: Redefining \nocite on input line 373.
Package: cite 2010/09/10  v 5.3
)
(C:\Users\JulianK\AppData\Roaming\MiKTeX\2.9\tex\latex\acronym\acronym.sty
Package: acronym 2012/10/29 v1.38 Support for acronyms (Tobias Oetiker)

(C:\Users\JulianK\AppData\Roaming\MiKTeX\2.9\tex\latex\bigfoot\suffix.sty
Package: suffix 2006/07/15 1.5 Variant command support
)
(C:\Users\JulianK\AppData\Roaming\MiKTeX\2.9\tex\latex\xstring\xstring.sty
(C:\Users\JulianK\AppData\Roaming\MiKTeX\2.9\tex\generic\xstring\xstring.tex
\@xs@message=\write3
\integerpart=\count90
\decimalpart=\count91
)
Package: xstring 2013/2/28  v1.7a  String manipulations (C Tellechea)
)
\AC@clearlist=\toks15
) (C:\Users\JulianK\AppData\Roaming\MiKTeX\2.9\tex\latex\caption\caption.sty
Package: caption 2013/05/02 v3.3-89 Customizing captions (AR)

(C:\Users\JulianK\AppData\Roaming\MiKTeX\2.9\tex\latex\caption\caption3.sty
Package: caption3 2013/05/02 v1.6-88 caption3 kernel (AR)
Package caption3 Info: TeX engine: e-TeX on input line 57.
\captionmargin=\dimen106
\captionmargin@=\dimen107
\captionwidth=\dimen108
\caption@tempdima=\dimen109
\caption@indent=\dimen110
\caption@parindent=\dimen111
\caption@hangindent=\dimen112
)
\c@ContinuedFloat=\count92
)
(C:\Users\JulianK\AppData\Roaming\MiKTeX\2.9\tex\latex\setspace\setspace.sty
Package: setspace 2011/12/19 v6.7a set line spacing
)
(C:\Users\JulianK\AppData\Roaming\MiKTeX\2.9\tex\latex\listings\listings.sty
\lst@mode=\count93
\lst@gtempboxa=\box26
\lst@token=\toks16
\lst@length=\count94
\lst@currlwidth=\dimen113
\lst@column=\count95
\lst@pos=\count96
\lst@lostspace=\dimen114
\lst@width=\dimen115
\lst@newlines=\count97
\lst@lineno=\count98
\lst@maxwidth=\dimen116

(C:\Users\JulianK\AppData\Roaming\MiKTeX\2.9\tex\latex\listings\lstmisc.sty
File: lstmisc.sty 2007/02/22 1.4 (Carsten Heinz)
\c@lstnumber=\count99
\lst@skipnumbers=\count100
\lst@framebox=\box27
)
(C:\Users\JulianK\AppData\Roaming\MiKTeX\2.9\tex\latex\listings\listings.cfg
File: listings.cfg 2007/02/22 1.4 listings configuration
))
Package: listings 2007/02/22 1.4 (Carsten Heinz)

("C:\Program Files (x86)\MiKTeX 2.9\tex\latex\graphics\color.sty"
Package: color 2005/11/14 v1.0j Standard LaTeX Color (DPC)

("C:\Program Files (x86)\MiKTeX 2.9\tex\latex\00miktex\color.cfg"
File: color.cfg 2007/01/18 v1.5 color configuration of teTeX/TeXLive
)
Package color Info: Driver file: pdftex.def on input line 130.
)
(C:\Users\JulianK\AppData\Roaming\MiKTeX\2.9\tex\latex\koma-script\scrpage2.sty
Package: scrpage2 2010/04/22 v2.5 LaTeX2e KOMA-Script package
)
("E:\Studium\DH\Unterlagen\4. Semester\Rechnerarchitekturen II\Dokumentation\Do
kumentation\Deckblatt.aux")
LaTeX Font Info:    Checking defaults for OML/cmm/m/it on input line 67.
LaTeX Font Info:    ... okay on input line 67.
LaTeX Font Info:    Checking defaults for T1/cmr/m/n on input line 67.
LaTeX Font Info:    ... okay on input line 67.
LaTeX Font Info:    Checking defaults for OT1/cmr/m/n on input line 67.
LaTeX Font Info:    ... okay on input line 67.
LaTeX Font Info:    Checking defaults for OMS/cmsy/m/n on input line 67.
LaTeX Font Info:    ... okay on input line 67.
LaTeX Font Info:    Checking defaults for OMX/cmex/m/n on input line 67.
LaTeX Font Info:    ... okay on input line 67.
LaTeX Font Info:    Checking defaults for U/cmr/m/n on input line 67.
LaTeX Font Info:    ... okay on input line 67.

(C:\Users\JulianK\AppData\Roaming\MiKTeX\2.9\tex\context\base\supp-pdf.mkii
[Loading MPS to PDF converter (version 2006.09.02).]
\scratchcounter=\count101
\scratchdimen=\dimen117
\scratchbox=\box28
\nofMPsegments=\count102
\nofMParguments=\count103
\everyMPshowfont=\toks17
\MPscratchCnt=\count104
\MPscratchDim=\dimen118
\MPnumerator=\count105
\makeMPintoPDFobject=\count106
\everyMPtoPDFconversion=\toks18
)
Package caption Info: Begin \AtBeginDocument code.
Package caption Info: listings package is loaded.
Package caption Info: End \AtBeginDocument code.
\c@lstlisting=\count107


Package scrpage2 Warning: seems you are using a constant headheight.
(scrpage2)                If you get overfull \vbox warnings at almost every
(scrpage2)                page, you should increase headheight e.g. writing
(scrpage2)                 \setlength{\headheight}{1.1\baselineskip}
(scrpage2)                into the preamble of your document.
(scrpage2)                A better solution would be to use typearea package.

<Bilder/dhbw-logo.png, id=1, 130.086pt x 62.8749pt>
File: Bilder/dhbw-logo.png Graphic file (type png)
 <use Bilder/dhbw-logo.png>
Package pdftex.def Info: Bilder/dhbw-logo.png used on input line 74.
(pdftex.def)             Requested size: 113.81102pt x 55.01154pt.
Missing character: There is no Ã in font cmr17!
Missing character: There is no ¼ in font cmr17!

<Bilder/Microcontroller.jpg, id=2, 329.23pt x 329.23pt>
File: Bilder/Microcontroller.jpg Graphic file (type jpg)

<use Bilder/Microcontroller.jpg>
Package pdftex.def Info: Bilder/Microcontroller.jpg used on input line 79.
(pdftex.def)             Requested size: 113.81102pt x 113.81053pt.
Missing character: There is no Ã in font cmr12!
Missing character: There is no ¼ in font cmr12!
 [1

{C:/Users/JulianK/AppData/Local/MiKTeX/2.9/pdftex/config/pdftex.map} <E:/Studiu
m/DH/Unterlagen/4. Semester/Rechnerarchitekturen II/Dokumentation/Dokumentation
/Bilder/dhbw-logo.png> <E:/Studium/DH/Unterlagen/4. Semester/Rechnerarchitektur
en II/Dokumentation/Dokumentation/Bilder/Microcontroller.jpg>]
("E:\Studium\DH\Unterlagen\4. Semester\Rechnerarchitekturen II\Dokumentation\Do
kumentation\Deckblatt.toc"
LaTeX Font Info:    External font `cmex10' loaded for size
(Font)              <10.95> on input line 3.
LaTeX Font Info:    External font `cmex10' loaded for size
(Font)              <8> on input line 3.
LaTeX Font Info:    External font `cmex10' loaded for size
(Font)              <6> on input line 3.
Missing character: There is no Ã in font cmr10!
Missing character: There is no ¤ in font cmr10!
)
\tf@toc=\write4

Overfull \vbox (1.61752pt too high) has occurred while \output is active []


[1

]
("E:\Studium\DH\Unterlagen\4. Semester\Rechnerarchitekturen II\Dokumentation\Do
kumentation\Deckblatt.lof"
Missing character: There is no Ã in font cmr10!
Missing character: There is no ¶ in font cmr10!
Missing character: There is no Ã in font cmr10!
Missing character: There is no ¼ in font cmr10!
)
\tf@lof=\write5

Overfull \vbox (5.05856pt too high) has occurred while \output is active []


[2

]
("E:\Studium\DH\Unterlagen\4. Semester\Rechnerarchitekturen II\Dokumentation\Do
kumentation\Deckblatt.lol")
\tf@lol=\write6

Overfull \vbox (5.05856pt too high) has occurred while \output is active []


[3

]
("E:\Studium\DH\Unterlagen\4. Semester\Rechnerarchitekturen II\Dokumentation\Do
kumentation\Kapitel/Kapitel1.tex"
Kapitel 1.
Missing character: There is no Ã in font cmr10!
Missing character: There is no ¼ in font cmr10!
Missing character: There is no Ã in font cmr10!
Missing character: There is no ¶ in font cmr10!

("E:\Studium\DH\Unterlagen\4. Semester\Rechnerarchitekturen II\Dokumentation\Do
kumentation\Kapitel/Kapitel11.tex"
Missing character: There is no ï in font cmr10!
Missing character: There is no » in font cmr10!
Missing character: There is no ¿ in font cmr10!
Missing character: There is no Ã in font cmr10!
Missing character: There is no ¶ in font cmr10!
Missing character: There is no Ã in font cmr10!
Missing character: There is no ¤ in font cmr10!
Missing character: There is no Ã in font cmr10!
Missing character: There is no ¼ in font cmr10!
Missing character: There is no Ã in font cmr10!
Missing character: There is no ¼ in font cmr10!
Missing character: There is no Ã in font cmr10!
Missing character: There is no ¶ in font cmr10!
Missing character: There is no Ã in font cmr10!
Missing character: There is no ¤ in font cmr10!
Missing character: There is no Ã in font cmr10!
Missing character: There is no ¼ in font cmr10!
Missing character: There is no Ã in font cmr10!
Missing character: There is no ¤ in font cmr10!
)
("E:\Studium\DH\Unterlagen\4. Semester\Rechnerarchitekturen II\Dokumentation\Do
kumentation\Kapitel/Kapitel12.tex"
Missing character: There is no Ã in font cmr10!
Missing character: There is no ¶ in font cmr10!
Missing character: There is no Ã in font cmr10!
Missing character: There is no ¤ in font cmr10!
Missing character: There is no Ã in font cmr10!
Missing character: There is no ¤ in font cmr10!
Missing character: There is no Ã in font cmr10!
Missing character: There is no ¼ in font cmr10!
Missing character: There is no Ã in font cmr10!
Missing character: There is no ¼ in font cmr10!
Missing character: There is no Ã in font cmr10!
Missing character: There is no ¤ in font cmr10!
Missing character: There is no Ã in font cmr10!
Missing character: There is no ¶ in font cmr10!
Missing character: There is no Ã in font cmr10!
Missing character: There is no Ÿ in font cmr10!
Missing character: There is no Ã in font cmr10!
Missing character: There is no ¶ in font cmr10!
Missing character: There is no Ã in font cmr10!
Missing character: There is no ¶ in font cmr10!
Missing character: There is no Ã in font cmr10!
Missing character: There is no ¼ in font cmr10!

Overfull \vbox (5.05856pt too high) has occurred while \output is active []


[4

]
Missing character: There is no Ã in font cmr10!
Missing character: There is no ¤ in font cmr10!
Missing character: There is no Ã in font cmr10!
Missing character: There is no ¼ in font cmr10!
Missing character: There is no Ã in font cmr10!
Missing character: There is no ¼ in font cmr10!
Missing character: There is no Ã in font cmr10!
Missing character: There is no ¤ in font cmr10!
Missing character: There is no Ã in font cmr10!
Missing character: There is no ¼ in font cmr10!
Missing character: There is no Ã in font cmr10!
Missing character: There is no ¶ in font cmr10!
Missing character: There is no Ã in font cmr10!
Missing character: There is no ¼ in font cmr10!
Missing character: There is no Ã in font cmr10!
Missing character: There is no ¼ in font cmr10!
Missing character: There is no Ã in font cmr10!
Missing character: There is no ¼ in font cmr10!
Missing character: There is no Ã in font cmr10!
Missing character: There is no ¼ in font cmr10!
Missing character: There is no Ã in font cmr10!
Missing character: There is no ¶ in font cmr10!
Missing character: There is no Ã in font cmr10!
Missing character: There is no ¤ in font cmr10!
Missing character: There is no Ã in font cmr10!
Missing character: There is no ¼ in font cmr10!
)
("E:\Studium\DH\Unterlagen\4. Semester\Rechnerarchitekturen II\Dokumentation\Do
kumentation\Kapitel/Kapitel13.tex"
Missing character: There is no ß in font cmr10!
Missing character: There is no ü in font cmr10!
Missing character: There is no ü in font cmr10!
Missing character: There is no ß in font cmr10!
Missing character: There is no ä in font cmr10!
Missing character: There is no ö in font cmr10!
Missing character: There is no ß in font cmr10!
Missing character: There is no ä in font cmr10!

<Bilder/Harvard.png, id=24, 354.123pt x 93.34875pt>
File: Bilder/Harvard.png Graphic file (type png)
 <use Bilder/Harvard.png>
Package pdftex.def Info: Bilder/Harvard.png used on input line 10.
(pdftex.def)             Requested size: 354.12212pt x 93.34851pt.

Overfull \vbox (5.05856pt too high) has occurred while \output is active []


[5]
Missing character: There is no ö in font cmr10!
Missing character: There is no ü in font cmr10!
Missing character: There is no ü in font cmr10!
Missing character: There is no ß in font cmr10!
Missing character: There is no ä in font cmr10!
Missing character: There is no ä in font cmr10!
Missing character: There is no ö in font cmr10!
Missing character: There is no ü in font cmr10!
))
Overfull \vbox (5.05856pt too high) has occurred while \output is active []


[6 <E:/Studium/DH/Unterlagen/4. Semester/Rechnerarchitekturen II/Dokumentation/
Dokumentation/Bilder/Harvard.png>]
("E:\Studium\DH\Unterlagen\4. Semester\Rechnerarchitekturen II\Dokumentation\Do
kumentation\Kapitel/Kapitel2.tex"
Kapitel 2.

("E:\Studium\DH\Unterlagen\4. Semester\Rechnerarchitekturen II\Dokumentation\Do
kumentation\Kapitel/Kapitel21.tex"
Missing character: There is no ü in font cmr10!
Missing character: There is no ü in font cmr10!
Missing character: There is no ü in font cmr10!
Missing character: There is no ü in font cmr10!
Missing character: There is no ö in font cmr10!
Missing character: There is no ä in font cmr10!
Missing character: There is no Ü in font cmr10!
Missing character: There is no ä in font cmr10!
Missing character: There is no ü in font cmr10!

<Bilder/Eclipse.pdf, id=35, 678.73576pt x 604.65903pt>
File: Bilder/Eclipse.pdf Graphic file (type pdf)

<use Bilder/Eclipse.pdf>
Package pdftex.def Info: Bilder/Eclipse.pdf used on input line 10.
(pdftex.def)             Requested size: 169.68352pt x 151.16438pt.
)
("E:\Studium\DH\Unterlagen\4. Semester\Rechnerarchitekturen II\Dokumentation\Do
kumentation\Kapitel/Kapitel22.tex"
Overfull \vbox (5.05856pt too high) has occurred while \output is active []


[7

 <E:/Studium/DH/Unterlagen/4. Semester/Rechnerarchitekturen II/Dokumentation/Do
kumentation/Bilder/Eclipse.pdf>]
Missing character: There is no ü in font cmr10!
Missing character: There is no ü in font cmr10!
Missing character: There is no ä in font cmr10!
Missing character: There is no ä in font cmr10!
Missing character: There is no ü in font cmr10!
Missing character: There is no ü in font cmr10!
Missing character: There is no ü in font cmr10!
Missing character: There is no ü in font cmr10!
Missing character: There is no ü in font cmr10!
Missing character: There is no ü in font cmr10!

<Bilder/Github.pdf, id=43, 669.09973pt x 599.23875pt>
File: Bilder/Github.pdf Graphic file (type pdf)
 <use Bilder/Github.pdf>
Package pdftex.def Info: Bilder/Github.pdf used on input line 8.
(pdftex.def)             Requested size: 368.00598pt x 329.58234pt.

Overfull \hbox (8.00598pt too wide) in paragraph at lines 8--9
[][] 
 []

))
Overfull \vbox (5.05856pt too high) has occurred while \output is active []


[8 <E:/Studium/DH/Unterlagen/4. Semester/Rechnerarchitekturen II/Dokumentation/
Dokumentation/Bilder/Github.pdf>]
("E:\Studium\DH\Unterlagen\4. Semester\Rechnerarchitekturen II\Dokumentation\Do
kumentation\Kapitel/Kapitel3.tex"
Kapitel 3.

("E:\Studium\DH\Unterlagen\4. Semester\Rechnerarchitekturen II\Dokumentation\Do
kumentation\Kapitel/Kapitel31.tex"
Missing character: There is no Ã in font cmbx12!
Missing character: There is no ¤ in font cmbx12!
Missing character: There is no Ã in font cmr10!
Missing character: There is no ¶ in font cmr10!
Missing character: There is no Ã in font cmr10!
Missing character: There is no ¶ in font cmr10!

<Bilder/GUI.pdf, id=50, 827.49153pt x 599.23875pt>
File: Bilder/GUI.pdf Graphic file (type pdf)
 <use Bilder/GUI.pdf>
Package pdftex.def Info: Bilder/GUI.pdf used on input line 7.
(pdftex.def)             Requested size: 330.99075pt x 239.69125pt.

Overfull \vbox (5.05856pt too high) has occurred while \output is active []


[9

 <E:/Studium/DH/Unterlagen/4. Semester/Rechnerarchitekturen II/Dokumentation/Do
kumentation/Bilder/GUI.pdf>]
Missing character: There is no Ã in font cmr10!
Missing character: There is no œ in font cmr10!
Missing character: There is no â in font cmr10!
Missing character: There is no € in font cmr10!
Missing character: There is no ž in font cmr10!
Missing character: There is no â in font cmr10!
Missing character: There is no € in font cmr10!
Missing character: There is no œ in font cmr10!
Missing character: There is no â in font cmr10!
Missing character: There is no € in font cmr10!
Missing character: There is no ž in font cmr10!
Missing character: There is no Ã in font cmr10!
Missing character: There is no ¶ in font cmr10!
Missing character: There is no â in font cmr10!
Missing character: There is no € in font cmr10!
Missing character: There is no œ in font cmr10!
Missing character: There is no Ã in font cmr10!
Missing character: There is no ¶ in font cmr10!
Missing character: There is no Ã in font cmr10!
Missing character: There is no Ÿ in font cmr10!

<Bilder/Offnen.pdf, id=58, 361.95226pt x 272.21701pt>
File: Bilder/Offnen.pdf Graphic file (type pdf)
 <use Bilder/Offnen.pdf>
Package pdftex.def Info: Bilder/Offnen.pdf used on input line 16.
(pdftex.def)             Requested size: 253.36484pt x 190.55058pt.
Missing character: There is no Ã in font cmr10!
Missing character: There is no ¶ in font cmr10!
Missing character: There is no Ã in font cmr10!
Missing character: There is no ¶ in font cmr10!
Missing character: There is no Ã in font cmr10!
Missing character: There is no ¤ in font cmr10!
Missing character: There is no Ã in font cmr10!
Missing character: There is no ¤ in font cmr10!
Missing character: There is no Ã in font cmr10!
Missing character: There is no ¼ in font cmr10!
Missing character: There is no Ã in font cmr10!
Missing character: There is no ¼ in font cmr10!

<Bilder/Buttons.pdf, id=59, 125.87025pt x 179.4705pt>
File: Bilder/Buttons.pdf Graphic file (type pdf)
 <use Bilder/Buttons.pdf>
Package pdftex.def Info: Bilder/Buttons.pdf used on input line 24.
(pdftex.def)             Requested size: 62.93497pt x 89.73502pt.

<Bilder/Register.pdf, id=60, 183.68625pt x 311.36327pt>
File: Bilder/Register.pdf Graphic file (type pdf)

<use Bilder/Register.pdf>
Package pdftex.def Info: Bilder/Register.pdf used on input line 32.
(pdftex.def)             Requested size: 91.84288pt x 155.68124pt.


LaTeX Warning: `h' float specifier changed to `ht'.

Missing character: There is no Ã in font cmr10!
Missing character: There is no ¼ in font cmr10!
Missing character: There is no Ã in font cmr10!
Missing character: There is no ¶ in font cmr10!
Missing character: There is no Ã in font cmsl10!
Missing character: There is no „ in font cmsl10!

Overfull \vbox (5.05856pt too high) has occurred while \output is active []


[10 <E:/Studium/DH/Unterlagen/4. Semester/Rechnerarchitekturen II/Dokumentation
/Dokumentation/Bilder/Offnen.pdf> <E:/Studium/DH/Unterlagen/4. Semester/Rechner
architekturen II/Dokumentation/Dokumentation/Bilder/Buttons.pdf

pdfTeX warning: pdflatex.exe (file E:/Studium/DH/Unterlagen/4. Semester/Rechner
architekturen II/Dokumentation/Dokumentation/Bilder/Buttons.pdf): PDF inclusion
: multiple pdfs with page group included in a single page
>] <Bilder/Text.pdf, id=70, 463.7325pt x 314.97673pt>
File: Bilder/Text.pdf Graphic file (type pdf)
 <use Bilder/Text.pdf>
Package pdftex.def Info: Bilder/Text.pdf used on input line 43.
(pdftex.def)             Requested size: 231.86568pt x 157.48798pt.
Missing character: There is no Ã in font cmr10!
Missing character: There is no ¼ in font cmr10!
Missing character: There is no Ã in font cmr10!
Missing character: There is no ¼ in font cmr10!
)
("E:\Studium\DH\Unterlagen\4. Semester\Rechnerarchitekturen II\Dokumentation\Do
kumentation\Kapitel/Kapitel32.tex")
("E:\Studium\DH\Unterlagen\4. Semester\Rechnerarchitekturen II\Dokumentation\Do
kumentation\Kapitel/Kapitel33.tex"
Overfull \vbox (5.05856pt too high) has occurred while \output is active []


[11 <E:/Studium/DH/Unterlagen/4. Semester/Rechnerarchitekturen II/Dokumentation
/Dokumentation/Bilder/Register.pdf> <E:/Studium/DH/Unterlagen/4. Semester/Rechn
erarchitekturen II/Dokumentation/Dokumentation/Bilder/Text.pdf

pdfTeX warning: pdflatex.exe (file E:/Studium/DH/Unterlagen/4. Semester/Rechner
architekturen II/Dokumentation/Dokumentation/Bilder/Text.pdf): PDF inclusion: m
ultiple pdfs with page group included in a single page
>]
("E:\Studium\DH\Unterlagen\4. Semester\Rechnerarchitekturen II\Dokumentation\Do
kumentation\Kapitel/Kapitel331.tex"
<Diag/DECF.pdf, id=84, 245.718pt x 423.38174pt>
File: Diag/DECF.pdf Graphic file (type pdf)
 <use Diag/DECF.pdf>
Package pdftex.def Info: Diag/DECF.pdf used on input line 6.
(pdftex.def)             Requested size: 147.43193pt x 254.031pt.

(C:\Users\JulianK\AppData\Roaming\MiKTeX\2.9\tex\latex\listings\lstlang1.sty
File: lstlang1.sty 2004/09/05 1.3 listings language file
)
("E:\Studium\DH\Unterlagen\4. Semester\Rechnerarchitekturen II\Dokumentation\Do
kumentation\Listings/DECF.java"
LaTeX Font Info:    Font shape `OT1/cmtt/bx/n' in size <8> not available
(Font)              Font shape `OT1/cmtt/m/n' tried instead on input line 1.
))
("E:\Studium\DH\Unterlagen\4. Semester\Rechnerarchitekturen II\Dokumentation\Do
kumentation\Kapitel/Kapitel332.tex"
Overfull \vbox (5.05856pt too high) has occurred while \output is active []


[12 <E:/Studium/DH/Unterlagen/4. Semester/Rechnerarchitekturen II/Dokumentation
/Dokumentation/Diag/DECF.pdf>]
<Diag/ANDLW.pdf, id=118, 130.68825pt x 302.32951pt>
File: Diag/ANDLW.pdf Graphic file (type pdf)
 <use Diag/ANDLW.pdf>
Package pdftex.def Info: Diag/ANDLW.pdf used on input line 8.
(pdftex.def)             Requested size: 91.48112pt x 211.62921pt.

("E:\Studium\DH\Unterlagen\4. Semester\Rechnerarchitekturen II\Dokumentation\Do
kumentation\Listings/ANDLW.java"))
("E:\Studium\DH\Unterlagen\4. Semester\Rechnerarchitekturen II\Dokumentation\Do
kumentation\Kapitel/Kapitel333.tex"
Overfull \vbox (5.05856pt too high) has occurred while \output is active []


[13 <E:/Studium/DH/Unterlagen/4. Semester/Rechnerarchitekturen II/Dokumentation
/Dokumentation/Diag/ANDLW.pdf>]
<Diag/BTFSS.pdf, id=145, 324.01048pt x 315.579pt>
File: Diag/BTFSS.pdf Graphic file (type pdf)
 <use Diag/BTFSS.pdf>
Package pdftex.def Info: Diag/BTFSS.pdf used on input line 8.
(pdftex.def)             Requested size: 226.80579pt x 220.90378pt.

("E:\Studium\DH\Unterlagen\4. Semester\Rechnerarchitekturen II\Dokumentation\Do
kumentation\Listings/BTFSS.java"))
("E:\Studium\DH\Unterlagen\4. Semester\Rechnerarchitekturen II\Dokumentation\Do
kumentation\Kapitel/Kapitel334.tex"
Overfull \vbox (5.05856pt too high) has occurred while \output is active []


[14 <E:/Studium/DH/Unterlagen/4. Semester/Rechnerarchitekturen II/Dokumentation
/Dokumentation/Diag/BTFSS.pdf>]
<Diag/ADDWF.pdf, id=182, 315.579pt x 342.07799pt>
File: Diag/ADDWF.pdf Graphic file (type pdf)
 <use Diag/ADDWF.pdf>
Package pdftex.def Info: Diag/ADDWF.pdf used on input line 8.
(pdftex.def)             Requested size: 220.90378pt x 239.45294pt.

("E:\Studium\DH\Unterlagen\4. Semester\Rechnerarchitekturen II\Dokumentation\Do
kumentation\Listings/ADDWF.java"))
("E:\Studium\DH\Unterlagen\4. Semester\Rechnerarchitekturen II\Dokumentation\Do
kumentation\Kapitel/Kapitel335.tex"
Overfull \vbox (5.05856pt too high) has occurred while \output is active []


[15 <E:/Studium/DH/Unterlagen/4. Semester/Rechnerarchitekturen II/Dokumentation
/Dokumentation/Diag/ADDWF.pdf>]
<Diag/CALL.pdf, id=219, 130.68825pt x 286.671pt>
File: Diag/CALL.pdf Graphic file (type pdf)
 <use Diag/CALL.pdf>
Package pdftex.def Info: Diag/CALL.pdf used on input line 8.
(pdftex.def)             Requested size: 91.48112pt x 200.66832pt.

("E:\Studium\DH\Unterlagen\4. Semester\Rechnerarchitekturen II\Dokumentation\Do
kumentation\Listings/CALL.java")))
("E:\Studium\DH\Unterlagen\4. Semester\Rechnerarchitekturen II\Dokumentation\Do
kumentation\Kapitel/Kapitel34.tex"
Overfull \vbox (5.05856pt too high) has occurred while \output is active []


[16 <E:/Studium/DH/Unterlagen/4. Semester/Rechnerarchitekturen II/Dokumentation
/Dokumentation/Diag/CALL.pdf>])
("E:\Studium\DH\Unterlagen\4. Semester\Rechnerarchitekturen II\Dokumentation\Do
kumentation\Kapitel/Kapitel35.tex")
("E:\Studium\DH\Unterlagen\4. Semester\Rechnerarchitekturen II\Dokumentation\Do
kumentation\Kapitel/Kapitel36.tex"))
Overfull \vbox (5.05856pt too high) has occurred while \output is active []


[17]
("E:\Studium\DH\Unterlagen\4. Semester\Rechnerarchitekturen II\Dokumentation\Do
kumentation\Kapitel/Kapitel4.tex"
Kapitel 4.

("E:\Studium\DH\Unterlagen\4. Semester\Rechnerarchitekturen II\Dokumentation\Do
kumentation\Kapitel/Kapitel41.tex")
("E:\Studium\DH\Unterlagen\4. Semester\Rechnerarchitekturen II\Dokumentation\Do
kumentation\Kapitel/Kapitel42.tex"))
Overfull \vbox (5.05856pt too high) has occurred while \output is active []


[18

]
No file Deckblatt.bbl.

("E:\Studium\DH\Unterlagen\4. Semester\Rechnerarchitekturen II\Dokumentation\Do
kumentation\Deckblatt.aux") ) 
Here is how much of TeX's memory you used:
 4966 strings out of 493921
 80149 string characters out of 3144870
 154649 words of memory out of 3000000
 8126 multiletter control sequences out of 15000+200000
 9630 words of font info for 34 fonts, out of 3000000 for 9000
 841 hyphenation exceptions out of 8191
 36i,10n,43p,971b,1041s stack positions out of 5000i,500n,10000p,200000b,50000s
<C:/Program Files (x86)/MiKTeX 2.9/fonts/type1/pub
lic/amsfonts/cm/cmbx10.pfb><C:/Program Files (x86)/MiKTeX 2.9/fonts/type1/publi
c/amsfonts/cm/cmbx12.pfb><C:/Program Files (x86)/MiKTeX 2.9/fonts/type1/public/
amsfonts/cm/cmr10.pfb><C:/Program Files (x86)/MiKTeX 2.9/fonts/type1/public/ams
fonts/cm/cmr12.pfb><C:/Program Files (x86)/MiKTeX 2.9/fonts/type1/public/amsfon
ts/cm/cmr17.pfb><C:/Program Files (x86)/MiKTeX 2.9/fonts/type1/public/amsfonts/
cm/cmr6.pfb><C:/Program Files (x86)/MiKTeX 2.9/fonts/type1/public/amsfonts/cm/c
msl10.pfb><C:/Program Files (x86)/MiKTeX 2.9/fonts/type1/public/amsfonts/cm/cmt
t8.pfb>
Output written on Deckblatt.pdf (19 pages, 983909 bytes).
PDF statistics:
 277 PDF objects out of 1000 (max. 8388607)
 0 named destinations out of 1000 (max. 500000)
 76 words of extra memory for PDF output out of 10000 (max. 10000000)

